app/build/intermediates/manifest_merge_blame_file/release/manifest-merger-blame-release-report.txt
1<?xml version="1.0" encoding="utf-8"?>
2<manifest xmlns:android="http://schemas.android.com/apk/res/android"
3    package="org.lineageos.sleepaudio"
4    android:versionCode="1"
5    android:versionName="1.0" >
6
7    <uses-sdk
8        android:minSdkVersion="30"
9        android:targetSdkVersion="34" />
10
11    <uses-permission android:name="android.permission.MODIFY_AUDIO_SETTINGS" />
11-->src/main/AndroidManifest.xml:7:5-80
11-->src/main/AndroidManifest.xml:7:22-77
12    <uses-permission android:name="android.permission.FOREGROUND_SERVICE" />
12-->src/main/AndroidManifest.xml:8:5-77
12-->src/main/AndroidManifest.xml:8:22-74
13    <uses-permission android:name="android.permission.FOREGROUND_SERVICE_MEDIA_PLAYBACK" />
13-->src/main/AndroidManifest.xml:9:5-92
13-->src/main/AndroidManifest.xml:9:22-89
14    <uses-permission android:name="android.permission.RECEIVE_BOOT_COMPLETED" />
14-->src/main/AndroidManifest.xml:10:5-81
14-->src/main/AndroidManifest.xml:10:22-78
15    <uses-permission android:name="android.permission.WAKE_LOCK" />
15-->src/main/AndroidManifest.xml:11:5-68
15-->src/main/AndroidManifest.xml:11:22-65
16    <uses-permission android:name="android.permission.POST_NOTIFICATIONS" />
16-->src/main/AndroidManifest.xml:12:5-77
16-->src/main/AndroidManifest.xml:12:22-74
17    <uses-permission
17-->src/main/AndroidManifest.xml:13:5-107
18        android:name="android.permission.READ_EXTERNAL_STORAGE"
18-->src/main/AndroidManifest.xml:13:22-77
19        android:maxSdkVersion="32" />
19-->src/main/AndroidManifest.xml:13:78-104
20    <uses-permission
20-->src/main/AndroidManifest.xml:14:5-108
21        android:name="android.permission.WRITE_EXTERNAL_STORAGE"
21-->src/main/AndroidManifest.xml:14:22-78
22        android:maxSdkVersion="32" />
22-->src/main/AndroidManifest.xml:14:79-105
23
24    <permission
24-->[androidx.core:core:1.12.0] AndroidManifest.xml:22:5-24:47
25        android:name="org.lineageos.sleepaudio.DYNAMIC_RECEIVER_NOT_EXPORTED_PERMISSION"
25-->[androidx.core:core:1.12.0] AndroidManifest.xml:23:9-81
26        android:protectionLevel="signature" />
26-->[androidx.core:core:1.12.0] AndroidManifest.xml:24:9-44
27
28    <uses-permission android:name="org.lineageos.sleepaudio.DYNAMIC_RECEIVER_NOT_EXPORTED_PERMISSION" />
28-->[androidx.core:core:1.12.0] AndroidManifest.xml:26:5-97
28-->[androidx.core:core:1.12.0] AndroidManifest.xml:26:22-94
29
30    <application
30-->src/main/AndroidManifest.xml:16:5-83:19
31        android:allowBackup="false"
31-->src/main/AndroidManifest.xml:20:9-36
32        android:appComponentFactory="androidx.core.app.CoreComponentFactory"
32-->[androidx.core:core:1.12.0] AndroidManifest.xml:28:18-86
33        android:extractNativeLibs="false"
34        android:icon="@drawable/ic_launcher"
34-->src/main/AndroidManifest.xml:18:9-45
35        android:label="@string/app_name"
35-->src/main/AndroidManifest.xml:17:9-41
36        android:requestLegacyExternalStorage="true"
36-->src/main/AndroidManifest.xml:22:9-52
37        android:supportsRtl="true"
37-->src/main/AndroidManifest.xml:21:9-35
38        android:theme="@style/Theme.SleepAudio" >
38-->src/main/AndroidManifest.xml:19:9-48
39        <service
39-->src/main/AndroidManifest.xml:24:9-28:61
40            android:name="org.lineageos.sleepaudio.service.AudioService"
40-->src/main/AndroidManifest.xml:25:13-49
41            android:enabled="true"
41-->src/main/AndroidManifest.xml:26:13-35
42            android:exported="false"
42-->src/main/AndroidManifest.xml:27:13-37
43            android:foregroundServiceType="mediaPlayback" />
43-->src/main/AndroidManifest.xml:28:13-58
44        <service
44-->src/main/AndroidManifest.xml:30:9-39:19
45            android:name="org.lineageos.sleepaudio.ui.SleepAudioTileService"
45-->src/main/AndroidManifest.xml:31:13-53
46            android:exported="true"
46-->src/main/AndroidManifest.xml:35:13-36
47            android:icon="@drawable/ic_qs_tile"
47-->src/main/AndroidManifest.xml:33:13-48
48            android:label="@string/app_name"
48-->src/main/AndroidManifest.xml:32:13-45
49            android:permission="android.permission.BIND_QUICK_SETTINGS_TILE" >
49-->src/main/AndroidManifest.xml:34:13-77
50            <intent-filter>
50-->src/main/AndroidManifest.xml:36:13-38:29
51                <action android:name="android.service.quicksettings.action.QS_TILE" />
51-->src/main/AndroidManifest.xml:37:17-87
51-->src/main/AndroidManifest.xml:37:25-84
52            </intent-filter>
53        </service>
54
55        <activity
55-->src/main/AndroidManifest.xml:41:9-50:20
56            android:name="org.lineageos.sleepaudio.ui.MainActivity"
56-->src/main/AndroidManifest.xml:42:13-44
57            android:exported="true"
57-->src/main/AndroidManifest.xml:44:13-36
58            android:label="@string/app_name"
58-->src/main/AndroidManifest.xml:43:13-45
59            android:theme="@style/Theme.SleepAudio" >
59-->src/main/AndroidManifest.xml:45:13-52
60            <intent-filter>
60-->src/main/AndroidManifest.xml:46:13-49:29
61                <action android:name="android.intent.action.MAIN" />
61-->src/main/AndroidManifest.xml:47:17-69
61-->src/main/AndroidManifest.xml:47:25-66
62
63                <category android:name="android.intent.category.LAUNCHER" />
63-->src/main/AndroidManifest.xml:48:17-77
63-->src/main/AndroidManifest.xml:48:27-74
64            </intent-filter>
65        </activity>
66        <activity
66-->src/main/AndroidManifest.xml:52:9-57:40
67            android:name="org.lineageos.sleepaudio.ui.AboutActivity"
67-->src/main/AndroidManifest.xml:53:13-45
68            android:exported="false"
68-->src/main/AndroidManifest.xml:57:13-37
69            android:label="About"
69-->src/main/AndroidManifest.xml:54:13-34
70            android:parentActivityName="org.lineageos.sleepaudio.ui.MainActivity"
70-->src/main/AndroidManifest.xml:56:13-58
71            android:theme="@style/Theme.SleepAudio" />
71-->src/main/AndroidManifest.xml:55:13-52
72        <activity
72-->src/main/AndroidManifest.xml:59:9-64:40
73            android:name="org.lineageos.sleepaudio.ui.EqualizerActivity"
73-->src/main/AndroidManifest.xml:60:13-49
74            android:exported="false"
74-->src/main/AndroidManifest.xml:64:13-37
75            android:label="@string/eq_title"
75-->src/main/AndroidManifest.xml:61:13-45
76            android:parentActivityName="org.lineageos.sleepaudio.ui.MainActivity"
76-->src/main/AndroidManifest.xml:63:13-58
77            android:theme="@style/Theme.SleepAudio" />
77-->src/main/AndroidManifest.xml:62:13-52
78        <activity
78-->src/main/AndroidManifest.xml:66:9-71:40
79            android:name="org.lineageos.sleepaudio.ui.BackupRestoreActivity"
79-->src/main/AndroidManifest.xml:67:13-53
80            android:exported="false"
80-->src/main/AndroidManifest.xml:71:13-37
81            android:label="Backup &amp; Restore"
81-->src/main/AndroidManifest.xml:68:13-49
82            android:parentActivityName="org.lineageos.sleepaudio.ui.MainActivity"
82-->src/main/AndroidManifest.xml:70:13-58
83            android:theme="@style/Theme.SleepAudio" />
83-->src/main/AndroidManifest.xml:69:13-52
84
85        <receiver
85-->src/main/AndroidManifest.xml:73:9-81:20
86            android:name="org.lineageos.sleepaudio.service.BootReceiver"
86-->src/main/AndroidManifest.xml:74:13-49
87            android:enabled="true"
87-->src/main/AndroidManifest.xml:75:13-35
88            android:exported="true" >
88-->src/main/AndroidManifest.xml:76:13-36
89            <intent-filter>
89-->src/main/AndroidManifest.xml:77:13-80:29
90                <action android:name="android.intent.action.BOOT_COMPLETED" />
90-->src/main/AndroidManifest.xml:78:17-79
90-->src/main/AndroidManifest.xml:78:25-76
91                <action android:name="android.intent.action.LOCKED_BOOT_COMPLETED" />
91-->src/main/AndroidManifest.xml:79:17-86
91-->src/main/AndroidManifest.xml:79:25-83
92            </intent-filter>
93        </receiver>
94
95        <provider
95-->[androidx.emoji2:emoji2:1.2.0] AndroidManifest.xml:24:9-32:20
96            android:name="androidx.startup.InitializationProvider"
96-->[androidx.emoji2:emoji2:1.2.0] AndroidManifest.xml:25:13-67
97            android:authorities="org.lineageos.sleepaudio.androidx-startup"
97-->[androidx.emoji2:emoji2:1.2.0] AndroidManifest.xml:26:13-68
98            android:exported="false" >
98-->[androidx.emoji2:emoji2:1.2.0] AndroidManifest.xml:27:13-37
99            <meta-data
99-->[androidx.emoji2:emoji2:1.2.0] AndroidManifest.xml:29:13-31:52
100                android:name="androidx.emoji2.text.EmojiCompatInitializer"
100-->[androidx.emoji2:emoji2:1.2.0] AndroidManifest.xml:30:17-75
101                android:value="androidx.startup" />
101-->[androidx.emoji2:emoji2:1.2.0] AndroidManifest.xml:31:17-49
102            <meta-data
102-->[androidx.lifecycle:lifecycle-process:2.6.1] AndroidManifest.xml:29:13-31:52
103                android:name="androidx.lifecycle.ProcessLifecycleInitializer"
103-->[androidx.lifecycle:lifecycle-process:2.6.1] AndroidManifest.xml:30:17-78
104                android:value="androidx.startup" />
104-->[androidx.lifecycle:lifecycle-process:2.6.1] AndroidManifest.xml:31:17-49
105            <meta-data
105-->[androidx.profileinstaller:profileinstaller:1.3.0] AndroidManifest.xml:29:13-31:52
106                android:name="androidx.profileinstaller.ProfileInstallerInitializer"
106-->[androidx.profileinstaller:profileinstaller:1.3.0] AndroidManifest.xml:30:17-85
107                android:value="androidx.startup" />
107-->[androidx.profileinstaller:profileinstaller:1.3.0] AndroidManifest.xml:31:17-49
108        </provider>
109
110        <uses-library
110-->[androidx.window:window:1.0.0] AndroidManifest.xml:25:9-27:40
111            android:name="androidx.window.extensions"
111-->[androidx.window:window:1.0.0] AndroidManifest.xml:26:13-54
112            android:required="false" />
112-->[androidx.window:window:1.0.0] AndroidManifest.xml:27:13-37
113        <uses-library
113-->[androidx.window:window:1.0.0] AndroidManifest.xml:28:9-30:40
114            android:name="androidx.window.sidecar"
114-->[androidx.window:window:1.0.0] AndroidManifest.xml:29:13-51
115            android:required="false" />
115-->[androidx.window:window:1.0.0] AndroidManifest.xml:30:13-37
116
117        <receiver
117-->[androidx.profileinstaller:profileinstaller:1.3.0] AndroidManifest.xml:34:9-52:20
118            android:name="androidx.profileinstaller.ProfileInstallReceiver"
118-->[androidx.profileinstaller:profileinstaller:1.3.0] AndroidManifest.xml:35:13-76
119            android:directBootAware="false"
119-->[androidx.profileinstaller:profileinstaller:1.3.0] AndroidManifest.xml:36:13-44
120            android:enabled="true"
120-->[androidx.profileinstaller:profileinstaller:1.3.0] AndroidManifest.xml:37:13-35
121            android:exported="true"
121-->[androidx.profileinstaller:profileinstaller:1.3.0] AndroidManifest.xml:38:13-36
122            android:permission="android.permission.DUMP" >
122-->[androidx.profileinstaller:profileinstaller:1.3.0] AndroidManifest.xml:39:13-57
123            <intent-filter>
123-->[androidx.profileinstaller:profileinstaller:1.3.0] AndroidManifest.xml:40:13-42:29
124                <action android:name="androidx.profileinstaller.action.INSTALL_PROFILE" />
124-->[androidx.profileinstaller:profileinstaller:1.3.0] AndroidManifest.xml:41:17-91
124-->[androidx.profileinstaller:profileinstaller:1.3.0] AndroidManifest.xml:41:25-88
125            </intent-filter>
126            <intent-filter>
126-->[androidx.profileinstaller:profileinstaller:1.3.0] AndroidManifest.xml:43:13-45:29
127                <action android:name="androidx.profileinstaller.action.SKIP_FILE" />
127-->[androidx.profileinstaller:profileinstaller:1.3.0] AndroidManifest.xml:44:17-85
127-->[androidx.profileinstaller:profileinstaller:1.3.0] AndroidManifest.xml:44:25-82
128            </intent-filter>
129            <intent-filter>
129-->[androidx.profileinstaller:profileinstaller:1.3.0] AndroidManifest.xml:46:13-48:29
130                <action android:name="androidx.profileinstaller.action.SAVE_PROFILE" />
130-->[androidx.profileinstaller:profileinstaller:1.3.0] AndroidManifest.xml:47:17-88
130-->[androidx.profileinstaller:profileinstaller:1.3.0] AndroidManifest.xml:47:25-85
131            </intent-filter>
132            <intent-filter>
132-->[androidx.profileinstaller:profileinstaller:1.3.0] AndroidManifest.xml:49:13-51:29
133                <action android:name="androidx.profileinstaller.action.BENCHMARK_OPERATION" />
133-->[androidx.profileinstaller:profileinstaller:1.3.0] AndroidManifest.xml:50:17-95
133-->[androidx.profileinstaller:profileinstaller:1.3.0] AndroidManifest.xml:50:25-92
134            </intent-filter>
135        </receiver>
136    </application>
137
138</manifest>